# JRE version: Java(TM) SE Runtime Environment (7.0_45-b18) (build 1.7.0_45-b18)
# Java VM: Java HotSpot(TM) Client VM (24.45-b08 mixed mode, sharing windows-x86 )
Heap
 def new generation   total 5504K, used 1696K [0x238a0000, 0x23e90000, 0x28df0000)
  eden space 4928K,  22% used [0x238a0000, 0x239b8090, 0x23d70000)
  from space 576K, 100% used [0x23e00000, 0x23e90000, 0x23e90000)
  to   space 576K,   0% used [0x23d70000, 0x23d70000, 0x23e00000)
 tenured generation   total 18684K, used 14119K [0x28df0000, 0x2a02f000, 0x338a0000)
   the space 18684K,  75% used [0x28df0000, 0x29bb9d98, 0x29bb9e00, 0x2a02f000)
 compacting perm gen  total 12288K, used 3899K [0x338a0000, 0x344a0000, 0x378a0000)
   the space 12288K,  31% used [0x338a0000, 0x33c6ec50, 0x33c6ee00, 0x344a0000)
    ro space 10240K,  41% used [0x378a0000, 0x37cd1a78, 0x37cd1c00, 0x382a0000)
    rw space 12288K,  52% used [0x382a0000, 0x388e62c0, 0x388e6400, 0x38ea0000)
GC Heap History (10 events):
Event: 1.184 GC heap before
{Heap before GC invocations=2 (full 0):
 def new generation   total 4928K, used 4928K [0x238a0000, 0x23df0000, 0x28df0000)
  eden space 4416K, 100% used [0x238a0000, 0x23cf0000, 0x23cf0000)
  from space 512K, 100% used [0x23cf0000, 0x23d70000, 0x23d70000)
  to   space 512K,   0% used [0x23d70000, 0x23d70000, 0x23df0000)
 tenured generation   total 10944K, used 6495K [0x28df0000, 0x298a0000, 0x338a0000)
   the space 10944K,  59% used [0x28df0000, 0x29447ca8, 0x29447e00, 0x298a0000)
 compacting perm gen  total 12288K, used 3354K [0x338a0000, 0x344a0000, 0x378a0000)
   the space 12288K,  27% used [0x338a0000, 0x33be6948, 0x33be6a00, 0x344a0000)
    ro space 10240K,  41% used [0x378a0000, 0x37cd1a78, 0x37cd1c00, 0x382a0000)
    rw space 12288K,  52% used [0x382a0000, 0x388e62c0, 0x388e6400, 0x38ea0000)
Event: 1.189 GC heap after
Heap after GC invocations=3 (full 0):
 def new generation   total 4928K, used 512K [0x238a0000, 0x23df0000, 0x28df0000)
  eden space 4416K,   0% used [0x238a0000, 0x238a0000, 0x23cf0000)
  from space 512K, 100% used [0x23d70000, 0x23df0000, 0x23df0000)
  to   space 512K,   0% used [0x23cf0000, 0x23cf0000, 0x23d70000)
 tenured generation   total 10944K, used 7307K [0x28df0000, 0x298a0000, 0x338a0000)
   the space 10944K,  66% used [0x28df0000, 0x29512f88, 0x29513000, 0x298a0000)
 compacting perm gen  total 12288K, used 3354K [0x338a0000, 0x344a0000, 0x378a0000)
   the space 12288K,  27% used [0x338a0000, 0x33be6948, 0x33be6a00, 0x344a0000)
    ro space 10240K,  41% used [0x378a0000, 0x37cd1a78, 0x37cd1c00, 0x382a0000)
    rw space 12288K,  52% used [0x382a0000, 0x388e62c0, 0x388e6400, 0x38ea0000)
}
Event: 1.246 GC heap before
{Heap before GC invocations=3 (full 0):
 def new generation   total 4928K, used 1653K [0x238a0000, 0x23df0000, 0x28df0000)
  eden space 4416K,  25% used [0x238a0000, 0x239bd720, 0x23cf0000)
  from space 512K, 100% used [0x23d70000, 0x23df0000, 0x23df0000)
  to   space 512K,   0% used [0x23cf0000, 0x23cf0000, 0x23d70000)
 tenured generation   total 10944K, used 7307K [0x28df0000, 0x298a0000, 0x338a0000)
   the space 10944K,  66% used [0x28df0000, 0x29512f88, 0x29513000, 0x298a0000)
 compacting perm gen  total 12288K, used 3498K [0x338a0000, 0x344a0000, 0x378a0000)
   the space 12288K,  28% used [0x338a0000, 0x33c0aa08, 0x33c0ac00, 0x344a0000)
    ro space 10240K,  41% used [0x378a0000, 0x37cd1a78, 0x37cd1c00, 0x382a0000)
    rw space 12288K,  52% used [0x382a0000, 0x388e62c0, 0x388e6400, 0x38ea0000)
Event: 1.273 GC heap after
Heap after GC invocations=4 (full 1):
 def new generation   total 5504K, used 0K [0x238a0000, 0x23e90000, 0x28df0000)
  eden space 4928K,   0% used [0x238a0000, 0x238a0000, 0x23d70000)
  from space 576K,   0% used [0x23d70000, 0x23d70000, 0x23e00000)
  to   space 576K,   0% used [0x23e00000, 0x23e00000, 0x23e90000)
 tenured generation   total 12092K, used 7254K [0x28df0000, 0x299bf000, 0x338a0000)
   the space 12092K,  59% used [0x28df0000, 0x29505ae8, 0x29505c00, 0x299bf000)
 compacting perm gen  total 12288K, used 3498K [0x338a0000, 0x344a0000, 0x378a0000)
   the space 12288K,  28% used [0x338a0000, 0x33c0aa08, 0x33c0ac00, 0x344a0000)
    ro space 10240K,  41% used [0x378a0000, 0x37cd1a78, 0x37cd1c00, 0x382a0000)
    rw space 12288K,  52% used [0x382a0000, 0x388e62c0, 0x388e6400, 0x38ea0000)
}
Event: 1.335 GC heap before
{Heap before GC invocations=4 (full 1):
 def new generation   total 5504K, used 4924K [0x238a0000, 0x23e90000, 0x28df0000)
  eden space 4928K,  99% used [0x238a0000, 0x23d6f0a0, 0x23d70000)
  from space 576K,   0% used [0x23d70000, 0x23d70000, 0x23e00000)
  to   space 576K,   0% used [0x23e00000, 0x23e00000, 0x23e90000)
 tenured generation   total 18684K, used 13846K [0x28df0000, 0x2a02f000, 0x338a0000)
   the space 18684K,  74% used [0x28df0000, 0x29b75a28, 0x29b75c00, 0x2a02f000)
 compacting perm gen  total 12288K, used 3498K [0x338a0000, 0x344a0000, 0x378a0000)
   the space 12288K,  28% used [0x338a0000, 0x33c0aa28, 0x33c0ac00, 0x344a0000)
    ro space 10240K,  41% used [0x378a0000, 0x37cd1a78, 0x37cd1c00, 0x382a0000)
    rw space 12288K,  52% used [0x382a0000, 0x388e62c0, 0x388e6400, 0x38ea0000)
Event: 1.336 GC heap after
Heap after GC invocations=5 (full 1):
 def new generation   total 5504K, used 181K [0x238a0000, 0x23e90000, 0x28df0000)
  eden space 4928K,   0% used [0x238a0000, 0x238a0000, 0x23d70000)
  from space 576K,  31% used [0x23e00000, 0x23e2d728, 0x23e90000)
  to   space 576K,   0% used [0x23d70000, 0x23d70000, 0x23e00000)
 tenured generation   total 18684K, used 13846K [0x28df0000, 0x2a02f000, 0x338a0000)
   the space 18684K,  74% used [0x28df0000, 0x29b75a28, 0x29b75c00, 0x2a02f000)
 compacting perm gen  total 12288K, used 3498K [0x338a0000, 0x344a0000, 0x378a0000)
   the space 12288K,  28% used [0x338a0000, 0x33c0aa28, 0x33c0ac00, 0x344a0000)
    ro space 10240K,  41% used [0x378a0000, 0x37cd1a78, 0x37cd1c00, 0x382a0000)
    rw space 12288K,  52% used [0x382a0000, 0x388e62c0, 0x388e6400, 0x38ea0000)
}
Event: 1.457 GC heap before
{Heap before GC invocations=5 (full 1):
 def new generation   total 5504K, used 5109K [0x238a0000, 0x23e90000, 0x28df0000)
  eden space 4928K, 100% used [0x238a0000, 0x23d70000, 0x23d70000)
  from space 576K,  31% used [0x23e00000, 0x23e2d728, 0x23e90000)
  to   space 576K,   0% used [0x23d70000, 0x23d70000, 0x23e00000)
 tenured generation   total 18684K, used 13846K [0x28df0000, 0x2a02f000, 0x338a0000)
   the space 18684K,  74% used [0x28df0000, 0x29b75a28, 0x29b75c00, 0x2a02f000)
 compacting perm gen  total 12288K, used 3586K [0x338a0000, 0x344a0000, 0x378a0000)
   the space 12288K,  29% used [0x338a0000, 0x33c20a10, 0x33c20c00, 0x344a0000)
    ro space 10240K,  41% used [0x378a0000, 0x37cd1a78, 0x37cd1c00, 0x382a0000)
    rw space 12288K,  52% used [0x382a0000, 0x388e62c0, 0x388e6400, 0x38ea0000)
Event: 1.458 GC heap after
Heap after GC invocations=6 (full 1):
 def new generation   total 5504K, used 350K [0x238a0000, 0x23e90000, 0x28df0000)
  eden space 4928K,   0% used [0x238a0000, 0x238a0000, 0x23d70000)
  from space 576K,  60% used [0x23d70000, 0x23dc7978, 0x23e00000)
  to   space 576K,   0% used [0x23e00000, 0x23e00000, 0x23e90000)
 tenured generation   total 18684K, used 13846K [0x28df0000, 0x2a02f000, 0x338a0000)
   the space 18684K,  74% used [0x28df0000, 0x29b75a28, 0x29b75c00, 0x2a02f000)
 compacting perm gen  total 12288K, used 3586K [0x338a0000, 0x344a0000, 0x378a0000)
   the space 12288K,  29% used [0x338a0000, 0x33c20a10, 0x33c20c00, 0x344a0000)
    ro space 10240K,  41% used [0x378a0000, 0x37cd1a78, 0x37cd1c00, 0x382a0000)
    rw space 12288K,  52% used [0x382a0000, 0x388e62c0, 0x388e6400, 0x38ea0000)
}
Event: 3.646 GC heap before
{Heap before GC invocations=6 (full 1):
 def new generation   total 5504K, used 5278K [0x238a0000, 0x23e90000, 0x28df0000)
  eden space 4928K, 100% used [0x238a0000, 0x23d70000, 0x23d70000)
  from space 576K,  60% used [0x23d70000, 0x23dc7978, 0x23e00000)
  to   space 576K,   0% used [0x23e00000, 0x23e00000, 0x23e90000)
 tenured generation   total 18684K, used 13846K [0x28df0000, 0x2a02f000, 0x338a0000)
   the space 18684K,  74% used [0x28df0000, 0x29b75a28, 0x29b75c00, 0x2a02f000)
 compacting perm gen  total 12288K, used 3845K [0x338a0000, 0x344a0000, 0x378a0000)
   the space 12288K,  31% used [0x338a0000, 0x33c617f0, 0x33c61800, 0x344a0000)
    ro space 10240K,  41% used [0x378a0000, 0x37cd1a78, 0x37cd1c00, 0x382a0000)
    rw space 12288K,  52% used [0x382a0000, 0x388e62c0, 0x388e6400, 0x38ea0000)
Event: 3.651 GC heap after
Heap after GC invocations=7 (full 1):
 def new generation   total 5504K, used 576K [0x238a0000, 0x23e90000, 0x28df0000)
  eden space 4928K,   0% used [0x238a0000, 0x238a0000, 0x23d70000)
  from space 576K, 100% used [0x23e00000, 0x23e90000, 0x23e90000)
  to   space 576K,   0% used [0x23d70000, 0x23d70000, 0x23e00000)
 tenured generation   total 18684K, used 14119K [0x28df0000, 0x2a02f000, 0x338a0000)
   the space 18684K,  75% used [0x28df0000, 0x29bb9d98, 0x29bb9e00, 0x2a02f000)
 compacting perm gen  total 12288K, used 3845K [0x338a0000, 0x344a0000, 0x378a0000)
   the space 12288K,  31% used [0x338a0000, 0x33c617f0, 0x33c61800, 0x344a0000)
    ro space 10240K,  41% used [0x378a0000, 0x37cd1a78, 0x37cd1c00, 0x382a0000)
    rw space 12288K,  52% used [0x382a0000, 0x388e62c0, 0x388e6400, 0x38ea0000)
}

