# JRE version: Java(TM) SE Runtime Environment (7.0_45-b18) (build 1.7.0_45-b18)
# Java VM: Java HotSpot(TM) Client VM (24.45-b08 mixed mode, sharing windows-x86 )
Heap
 def new generation   total 5504K, used 3188K [0x23900000, 0x23ef0000, 0x28e50000)
  eden space 4928K,  53% used [0x23900000, 0x23b8d060, 0x23dd0000)
  from space 576K, 100% used [0x23e60000, 0x23ef0000, 0x23ef0000)
  to   space 576K,   0% used [0x23dd0000, 0x23dd0000, 0x23e60000)
 tenured generation   total 18668K, used 14141K [0x28e50000, 0x2a08b000, 0x33900000)
   the space 18668K,  75% used [0x28e50000, 0x29c1f778, 0x29c1f800, 0x2a08b000)
 compacting perm gen  total 12288K, used 3903K [0x33900000, 0x34500000, 0x37900000)
   the space 12288K,  31% used [0x33900000, 0x33ccff28, 0x33cd0000, 0x34500000)
    ro space 10240K,  41% used [0x37900000, 0x37d31a78, 0x37d31c00, 0x38300000)
    rw space 12288K,  52% used [0x38300000, 0x389462c0, 0x38946400, 0x38f00000)
GC Heap History (10 events):
Event: 1.517 GC heap before
{Heap before GC invocations=2 (full 0):
 def new generation   total 4928K, used 4928K [0x23900000, 0x23e50000, 0x28e50000)
  eden space 4416K, 100% used [0x23900000, 0x23d50000, 0x23d50000)
  from space 512K, 100% used [0x23d50000, 0x23dd0000, 0x23dd0000)
  to   space 512K,   0% used [0x23dd0000, 0x23dd0000, 0x23e50000)
 tenured generation   total 10944K, used 6452K [0x28e50000, 0x29900000, 0x33900000)
   the space 10944K,  58% used [0x28e50000, 0x2949d368, 0x2949d400, 0x29900000)
 compacting perm gen  total 12288K, used 3370K [0x33900000, 0x34500000, 0x37900000)
   the space 12288K,  27% used [0x33900000, 0x33c4aac0, 0x33c4ac00, 0x34500000)
    ro space 10240K,  41% used [0x37900000, 0x37d31a78, 0x37d31c00, 0x38300000)
    rw space 12288K,  52% used [0x38300000, 0x389462c0, 0x38946400, 0x38f00000)
Event: 1.523 GC heap after
Heap after GC invocations=3 (full 0):
 def new generation   total 4928K, used 512K [0x23900000, 0x23e50000, 0x28e50000)
  eden space 4416K,   0% used [0x23900000, 0x23900000, 0x23d50000)
  from space 512K, 100% used [0x23dd0000, 0x23e50000, 0x23e50000)
  to   space 512K,   0% used [0x23d50000, 0x23d50000, 0x23dd0000)
 tenured generation   total 10944K, used 7284K [0x28e50000, 0x29900000, 0x33900000)
   the space 10944K,  66% used [0x28e50000, 0x2956d0a0, 0x2956d200, 0x29900000)
 compacting perm gen  total 12288K, used 3370K [0x33900000, 0x34500000, 0x37900000)
   the space 12288K,  27% used [0x33900000, 0x33c4aac0, 0x33c4ac00, 0x34500000)
    ro space 10240K,  41% used [0x37900000, 0x37d31a78, 0x37d31c00, 0x38300000)
    rw space 12288K,  52% used [0x38300000, 0x389462c0, 0x38946400, 0x38f00000)
}
Event: 1.608 GC heap before
{Heap before GC invocations=3 (full 0):
 def new generation   total 4928K, used 1730K [0x23900000, 0x23e50000, 0x28e50000)
  eden space 4416K,  27% used [0x23900000, 0x23a30bd0, 0x23d50000)
  from space 512K, 100% used [0x23dd0000, 0x23e50000, 0x23e50000)
  to   space 512K,   0% used [0x23d50000, 0x23d50000, 0x23dd0000)
 tenured generation   total 10944K, used 7284K [0x28e50000, 0x29900000, 0x33900000)
   the space 10944K,  66% used [0x28e50000, 0x2956d0a0, 0x2956d200, 0x29900000)
 compacting perm gen  total 12288K, used 3527K [0x33900000, 0x34500000, 0x37900000)
   the space 12288K,  28% used [0x33900000, 0x33c71e30, 0x33c72000, 0x34500000)
    ro space 10240K,  41% used [0x37900000, 0x37d31a78, 0x37d31c00, 0x38300000)
    rw space 12288K,  52% used [0x38300000, 0x389462c0, 0x38946400, 0x38f00000)
Event: 1.635 GC heap after
Heap after GC invocations=4 (full 1):
 def new generation   total 5504K, used 0K [0x23900000, 0x23ef0000, 0x28e50000)
  eden space 4928K,   0% used [0x23900000, 0x23900000, 0x23dd0000)
  from space 576K,   0% used [0x23dd0000, 0x23dd0000, 0x23e60000)
  to   space 576K,   0% used [0x23e60000, 0x23e60000, 0x23ef0000)
 tenured generation   total 12076K, used 7244K [0x28e50000, 0x29a1b000, 0x33900000)
   the space 12076K,  59% used [0x28e50000, 0x295632a0, 0x29563400, 0x29a1b000)
 compacting perm gen  total 12288K, used 3527K [0x33900000, 0x34500000, 0x37900000)
   the space 12288K,  28% used [0x33900000, 0x33c71e30, 0x33c72000, 0x34500000)
    ro space 10240K,  41% used [0x37900000, 0x37d31a78, 0x37d31c00, 0x38300000)
    rw space 12288K,  52% used [0x38300000, 0x389462c0, 0x38946400, 0x38f00000)
}
Event: 1.698 GC heap before
{Heap before GC invocations=4 (full 1):
 def new generation   total 5504K, used 4926K [0x23900000, 0x23ef0000, 0x28e50000)
  eden space 4928K,  99% used [0x23900000, 0x23dcfbc0, 0x23dd0000)
  from space 576K,   0% used [0x23dd0000, 0x23dd0000, 0x23e60000)
  to   space 576K,   0% used [0x23e60000, 0x23e60000, 0x23ef0000)
 tenured generation   total 18668K, used 13836K [0x28e50000, 0x2a08b000, 0x33900000)
   the space 18668K,  74% used [0x28e50000, 0x29bd31e0, 0x29bd3200, 0x2a08b000)
 compacting perm gen  total 12288K, used 3527K [0x33900000, 0x34500000, 0x37900000)
   the space 12288K,  28% used [0x33900000, 0x33c71e50, 0x33c72000, 0x34500000)
    ro space 10240K,  41% used [0x37900000, 0x37d31a78, 0x37d31c00, 0x38300000)
    rw space 12288K,  52% used [0x38300000, 0x389462c0, 0x38946400, 0x38f00000)
Event: 1.699 GC heap after
Heap after GC invocations=5 (full 1):
 def new generation   total 5504K, used 189K [0x23900000, 0x23ef0000, 0x28e50000)
  eden space 4928K,   0% used [0x23900000, 0x23900000, 0x23dd0000)
  from space 576K,  32% used [0x23e60000, 0x23e8f6e0, 0x23ef0000)
  to   space 576K,   0% used [0x23dd0000, 0x23dd0000, 0x23e60000)
 tenured generation   total 18668K, used 13836K [0x28e50000, 0x2a08b000, 0x33900000)
   the space 18668K,  74% used [0x28e50000, 0x29bd31e0, 0x29bd3200, 0x2a08b000)
 compacting perm gen  total 12288K, used 3527K [0x33900000, 0x34500000, 0x37900000)
   the space 12288K,  28% used [0x33900000, 0x33c71e50, 0x33c72000, 0x34500000)
    ro space 10240K,  41% used [0x37900000, 0x37d31a78, 0x37d31c00, 0x38300000)
    rw space 12288K,  52% used [0x38300000, 0x389462c0, 0x38946400, 0x38f00000)
}
Event: 1.804 GC heap before
{Heap before GC invocations=5 (full 1):
 def new generation   total 5504K, used 5039K [0x23900000, 0x23ef0000, 0x28e50000)
  eden space 4928K,  98% used [0x23900000, 0x23dbc580, 0x23dd0000)
  from space 576K,  32% used [0x23e60000, 0x23e8f6e0, 0x23ef0000)
  to   space 576K,   0% used [0x23dd0000, 0x23dd0000, 0x23e60000)
 tenured generation   total 18668K, used 13836K [0x28e50000, 0x2a08b000, 0x33900000)
   the space 18668K,  74% used [0x28e50000, 0x29bd31e0, 0x29bd3200, 0x2a08b000)
 compacting perm gen  total 12288K, used 3581K [0x33900000, 0x34500000, 0x37900000)
   the space 12288K,  29% used [0x33900000, 0x33c7f430, 0x33c7f600, 0x34500000)
    ro space 10240K,  41% used [0x37900000, 0x37d31a78, 0x37d31c00, 0x38300000)
    rw space 12288K,  52% used [0x38300000, 0x389462c0, 0x38946400, 0x38f00000)
Event: 1.806 GC heap after
Heap after GC invocations=6 (full 1):
 def new generation   total 5504K, used 397K [0x23900000, 0x23ef0000, 0x28e50000)
  eden space 4928K,   0% used [0x23900000, 0x23900000, 0x23dd0000)
  from space 576K,  69% used [0x23dd0000, 0x23e33698, 0x23e60000)
  to   space 576K,   0% used [0x23e60000, 0x23e60000, 0x23ef0000)
 tenured generation   total 18668K, used 13836K [0x28e50000, 0x2a08b000, 0x33900000)
   the space 18668K,  74% used [0x28e50000, 0x29bd31e0, 0x29bd3200, 0x2a08b000)
 compacting perm gen  total 12288K, used 3581K [0x33900000, 0x34500000, 0x37900000)
   the space 12288K,  29% used [0x33900000, 0x33c7f430, 0x33c7f600, 0x34500000)
    ro space 10240K,  41% used [0x37900000, 0x37d31a78, 0x37d31c00, 0x38300000)
    rw space 12288K,  52% used [0x38300000, 0x389462c0, 0x38946400, 0x38f00000)
}
Event: 3.130 GC heap before
{Heap before GC invocations=6 (full 1):
 def new generation   total 5504K, used 5325K [0x23900000, 0x23ef0000, 0x28e50000)
  eden space 4928K, 100% used [0x23900000, 0x23dd0000, 0x23dd0000)
  from space 576K,  69% used [0x23dd0000, 0x23e33698, 0x23e60000)
  to   space 576K,   0% used [0x23e60000, 0x23e60000, 0x23ef0000)
 tenured generation   total 18668K, used 13836K [0x28e50000, 0x2a08b000, 0x33900000)
   the space 18668K,  74% used [0x28e50000, 0x29bd31e0, 0x29bd3200, 0x2a08b000)
 compacting perm gen  total 12288K, used 3845K [0x33900000, 0x34500000, 0x37900000)
   the space 12288K,  31% used [0x33900000, 0x33cc1520, 0x33cc1600, 0x34500000)
    ro space 10240K,  41% used [0x37900000, 0x37d31a78, 0x37d31c00, 0x38300000)
    rw space 12288K,  52% used [0x38300000, 0x389462c0, 0x38946400, 0x38f00000)
Event: 3.135 GC heap after
Heap after GC invocations=7 (full 1):
 def new generation   total 5504K, used 576K [0x23900000, 0x23ef0000, 0x28e50000)
  eden space 4928K,   0% used [0x23900000, 0x23900000, 0x23dd0000)
  from space 576K, 100% used [0x23e60000, 0x23ef0000, 0x23ef0000)
  to   space 576K,   0% used [0x23dd0000, 0x23dd0000, 0x23e60000)
 tenured generation   total 18668K, used 14141K [0x28e50000, 0x2a08b000, 0x33900000)
   the space 18668K,  75% used [0x28e50000, 0x29c1f778, 0x29c1f800, 0x2a08b000)
 compacting perm gen  total 12288K, used 3845K [0x33900000, 0x34500000, 0x37900000)
   the space 12288K,  31% used [0x33900000, 0x33cc1520, 0x33cc1600, 0x34500000)
    ro space 10240K,  41% used [0x37900000, 0x37d31a78, 0x37d31c00, 0x38300000)
    rw space 12288K,  52% used [0x38300000, 0x389462c0, 0x38946400, 0x38f00000)
}

